<?xml version="1.0" encoding="UTF-8"?>
<!-- Generated by org.testng.reporters.JUnitXMLReporter -->
<testsuite hostname="L510095" ignored="0" name="CustomerPage page Test - Chrome" tests="2" failures="0" timestamp="24 Jun 2021 07:50:45 GMT" time="69.3" errors="0">
  <testcase name="verifyCustomerPageHeaderTest" time="3.949" classname="com.qa.qs.tests.CustomerPageTest"/>
  <testcase name="verifyCreateContactTest" time="39.158" classname="com.qa.qs.tests.CustomerPageTest"/>
</testsuite> <!-- CustomerPage page Test - Chrome -->
