<?xml version="1.0" encoding="UTF-8"?>
<!-- Generated by org.testng.reporters.JUnitXMLReporter -->
<testsuite hostname="L510095" ignored="0" name="Home page Test - Chrome" tests="7" failures="0" timestamp="03 Feb 2022 10:27:27 GMT" time="35.076" errors="0">
  <testcase name="homePageHeaderTest" time="4.408" classname="com.qa.qs.tests.HomePageTest"/>
  <testcase name="homePageTitleTest" time="0.012" classname="com.qa.qs.tests.HomePageTest"/>
  <testcase name="userAccountNameTest" time="4.89" classname="com.qa.qs.tests.HomePageTest"/>
  <testcase name="iconHomeExistsTest" time="1.955" classname="com.qa.qs.tests.HomePageTest"/>
  <testcase name="iconMenuExistsTest" time="1.926" classname="com.qa.qs.tests.HomePageTest"/>
  <testcase name="iconHelpExistsTest" time="1.955" classname="com.qa.qs.tests.HomePageTest"/>
  <testcase name="iconAcountExistsTest" time="1.983" classname="com.qa.qs.tests.HomePageTest"/>
</testsuite> <!-- Home page Test - Chrome -->
