<?xml version="1.0" encoding="UTF-8"?>
<!-- Generated by org.testng.reporters.JUnitXMLReporter -->
<testsuite hostname="L510095" ignored="0" name="Tariff Codes page Test - Chrome" tests="4" failures="0" timestamp="03 Feb 2022 10:28:23 GMT" time="54.09" errors="0">
  <testcase name="verifyTariffCodePageHeaderTest" time="2.181" classname="com.qa.qs.tests.TariffCodesPageTest"/>
  <testcase name="verifyCreateTariffCodeTest" time="11.737" classname="com.qa.qs.tests.TariffCodesPageTest"/>
  <testcase name="verifyCreateTariffCodeTest" time="11.53" classname="com.qa.qs.tests.TariffCodesPageTest"/>
  <testcase name="verifyCreateTariffCodeTest" time="11.397" classname="com.qa.qs.tests.TariffCodesPageTest"/>
</testsuite> <!-- Tariff Codes page Test - Chrome -->
