<?xml version="1.0" encoding="UTF-8"?>
<!-- Generated by org.testng.reporters.JUnitXMLReporter -->
<testsuite hostname="L510095" ignored="0" name="User Profile page Test - Chrome" tests="4" failures="0" timestamp="03 Feb 2022 10:28:29 GMT" time="75.336" errors="0">
  <testcase name="verifyUserPageHeaderTest" time="2.596" classname="com.qa.qs.tests.UserProfileTest"/>
  <testcase name="verifyCreateUserRoleTest" time="18.04" classname="com.qa.qs.tests.UserProfileTest"/>
  <testcase name="verifyCreateUserRoleTest" time="18.028" classname="com.qa.qs.tests.UserProfileTest"/>
  <testcase name="verifyCreateUserRoleTest" time="17.741" classname="com.qa.qs.tests.UserProfileTest"/>
</testsuite> <!-- User Profile page Test - Chrome -->
