<?xml version="1.0" encoding="UTF-8"?>
<!-- Generated by org.testng.reporters.JUnitXMLReporter -->
<testsuite hostname="L510095" ignored="0" name="Product Page Test - Chrome" tests="4" failures="0" timestamp="25 Feb 2022 09:24:53 GMT" time="134.261" errors="0">
  <testcase name="verifyProductPageHeaderTest" time="2.077" classname="com.qa.qs.tests.ProductPageTest"/>
  <testcase name="verifyProductAddRecordTest" time="38.012" classname="com.qa.qs.tests.ProductPageTest"/>
  <testcase name="verifyProductAddRecordTest" time="36.426" classname="com.qa.qs.tests.ProductPageTest"/>
  <testcase name="verifyProductAddRecordTest" time="36.239" classname="com.qa.qs.tests.ProductPageTest"/>
</testsuite> <!-- Product Page Test - Chrome -->
