<?xml version="1.0" encoding="UTF-8"?>
<!-- Generated by org.testng.reporters.JUnitXMLReporter -->
<testsuite hostname="L510095" ignored="0" name="Tariff Codes page Test - Chrome" tests="7" failures="0" timestamp="25 Feb 2022 09:21:20 GMT" time="79.753" errors="0">
  <testcase name="verifyTariffCodePageHeaderTest" time="2.068" classname="com.qa.qs.tests.TariffCodesPageTest"/>
  <testcase name="verifyCreateTariffCodeTest" time="17.587" classname="com.qa.qs.tests.TariffCodesPageTest"/>
  <testcase name="verifyCreateTariffCodeTest" time="13.297" classname="com.qa.qs.tests.TariffCodesPageTest"/>
  <testcase name="verifyCreateTariffCodeTest" time="11.824" classname="com.qa.qs.tests.TariffCodesPageTest"/>
  <testcase name="verifyGetUpdateTariffDataTest" time="2.975" classname="com.qa.qs.tests.TariffCodesPageTest"/>
  <testcase name="verifyDeleteTariffDataNoTest" time="5.043" classname="com.qa.qs.tests.TariffCodesPageTest"/>
  <testcase name="verifyDeleteTariffDataYesTest" time="5.403" classname="com.qa.qs.tests.TariffCodesPageTest"/>
</testsuite> <!-- Tariff Codes page Test - Chrome -->
