<?xml version="1.0" encoding="UTF-8"?>
<testng-results skipped="0" failed="2" ignored="0" total="4" passed="2">
  <reporter-output>
  </reporter-output>
  <suite name="Default suite" duration-ms="58323" started-at="2022-02-25T09:29:21Z" finished-at="2022-02-25T09:30:19Z">
    <groups>
    </groups>
    <test name="Default test" duration-ms="58323" started-at="2022-02-25T09:29:21Z" finished-at="2022-02-25T09:30:19Z">
      <class name="com.qa.qs.tests.CustomerPageTest">
        <test-method status="PASS" signature="SetUp()[pri:0, instance:com.qa.qs.tests.CustomerPageTest@ec756bd]" name="SetUp" is-config="true" duration-ms="19724" started-at="2022-02-25T09:29:21Z" finished-at="2022-02-25T09:29:41Z">
          <reporter-output>
          </reporter-output>
        </test-method> <!-- SetUp -->
        <test-method status="PASS" signature="verifyCustomerPageHeaderTest()[pri:1, instance:com.qa.qs.tests.CustomerPageTest@ec756bd]" name="verifyCustomerPageHeaderTest" duration-ms="2041" started-at="2022-02-25T09:29:41Z" finished-at="2022-02-25T09:29:43Z">
          <reporter-output>
          </reporter-output>
        </test-method> <!-- verifyCustomerPageHeaderTest -->
        <test-method status="PASS" signature="verifyCreateContactTest(java.lang.String, java.lang.String, java.lang.String, java.lang.String, java.lang.String, java.lang.String, java.lang.String, java.lang.String, java.lang.String, java.lang.String, java.lang.String, java.lang.String)[pri:2, instance:com.qa.qs.tests.CustomerPageTest@ec756bd]" name="verifyCreateContactTest" duration-ms="32371" started-at="2022-02-25T09:29:44Z" data-provider="getCustomersAddRecordTestData" finished-at="2022-02-25T09:30:16Z">
          <params>
            <param index="0">
              <value>
                <![CDATA[Sharan_USA-1121]]>
              </value>
            </param>
            <param index="1">
              <value>
                <![CDATA[Sharan Consulting LTD USA-1121]]>
              </value>
            </param>
            <param index="2">
              <value>
                <![CDATA[Dhruva  USA-1121]]>
              </value>
            </param>
            <param index="3">
              <value>
                <![CDATA[7338222205]]>
              </value>
            </param>
            <param index="4">
              <value>
                <![CDATA[dhruvaUSA1121@customer.com]]>
              </value>
            </param>
            <param index="5">
              <value>
                <![CDATA[1234567890]]>
              </value>
            </param>
            <param index="6">
              <value>
                <![CDATA[Customer]]>
              </value>
            </param>
            <param index="7">
              <value>
                <![CDATA[6702 Dhruva Automation Labs]]>
              </value>
            </param>
            <param index="8">
              <value>
                <![CDATA[United States]]>
              </value>
            </param>
            <param index="9">
              <value>
                <![CDATA[Minnesota]]>
              </value>
            </param>
            <param index="10">
              <value>
                <![CDATA[Minneapolis]]>
              </value>
            </param>
            <param index="11">
              <value>
                <![CDATA[55426.0]]>
              </value>
            </param>
          </params>
          <reporter-output>
          </reporter-output>
        </test-method> <!-- verifyCreateContactTest -->
        <test-method status="FAIL" signature="verifyCreateContactTest(java.lang.String, java.lang.String, java.lang.String, java.lang.String, java.lang.String, java.lang.String, java.lang.String, java.lang.String, java.lang.String, java.lang.String, java.lang.String, java.lang.String)[pri:2, instance:com.qa.qs.tests.CustomerPageTest@ec756bd]" name="verifyCreateContactTest" duration-ms="1193" started-at="2022-02-25T09:30:16Z" data-provider="getCustomersAddRecordTestData" finished-at="2022-02-25T09:30:17Z">
          <params>
            <param index="0">
              <value>
                <![CDATA[Sharan_AUS-1121]]>
              </value>
            </param>
            <param index="1">
              <value>
                <![CDATA[Sharan Consulting LTD AUS-1121]]>
              </value>
            </param>
            <param index="2">
              <value>
                <![CDATA[Dhruva  AUS-1121]]>
              </value>
            </param>
            <param index="3">
              <value>
                <![CDATA[7338222205]]>
              </value>
            </param>
            <param index="4">
              <value>
                <![CDATA[dhruvaAUS1121@customer.com]]>
              </value>
            </param>
            <param index="5">
              <value>
                <![CDATA[1234567890]]>
              </value>
            </param>
            <param index="6">
              <value>
                <![CDATA[Customer]]>
              </value>
            </param>
            <param index="7">
              <value>
                <![CDATA[6708 Dhruva Automation Labs]]>
              </value>
            </param>
            <param index="8">
              <value>
                <![CDATA[Australia]]>
              </value>
            </param>
            <param index="9">
              <value>
                <![CDATA[New South Wales]]>
              </value>
            </param>
            <param index="10">
              <value>
                <![CDATA[PARRAMATTA]]>
              </value>
            </param>
            <param index="11">
              <value>
                <![CDATA[2150.0]]>
              </value>
            </param>
          </params>
          <exception class="org.openqa.selenium.ElementClickInterceptedException">
            <message>
              <![CDATA[element click intercepted: Element <div _ngcontent-wvl-c460="" class="ep-button-content">...</div> is not clickable at point (1000, 48). Other element would receive the click: <div _ngcontent-wvl-c691="" class="form-group">...</div>
  (Session info: chrome=98.0.4758.102)
Build info: version: '3.141.59', revision: 'e82be7d358', time: '2018-11-14T08:17:03'
System info: host: 'L510095', ip: '192.168.1.2', os.name: 'Windows 10', os.arch: 'amd64', os.version: '10.0', java.version: '1.8.0_281'
Driver info: org.openqa.selenium.chrome.ChromeDriver
Capabilities {acceptInsecureCerts: false, browserName: chrome, browserVersion: 98.0.4758.102, chrome: {chromedriverVersion: 98.0.4758.102 (273bf7ac8c90..., userDataDir: C:\Users\shagargi\AppData\L...}, goog:chromeOptions: {debuggerAddress: localhost:58906}, javascriptEnabled: true, networkConnectionEnabled: false, pageLoadStrategy: normal, platform: WINDOWS, platformName: WINDOWS, proxy: Proxy(), setWindowRect: true, strictFileInteractability: false, timeouts: {implicit: 0, pageLoad: 300000, script: 30000}, unhandledPromptBehavior: dismiss and notify, webauthn:extension:credBlob: true, webauthn:extension:largeBlob: true, webauthn:virtualAuthenticators: true}
Session ID: d6cd846893769bbdcfbcd9050932847c]]>
            </message>
            <full-stacktrace>
              <![CDATA[org.openqa.selenium.ElementClickInterceptedException: element click intercepted: Element <div _ngcontent-wvl-c460="" class="ep-button-content">...</div> is not clickable at point (1000, 48). Other element would receive the click: <div _ngcontent-wvl-c691="" class="form-group">...</div>
  (Session info: chrome=98.0.4758.102)
Build info: version: '3.141.59', revision: 'e82be7d358', time: '2018-11-14T08:17:03'
System info: host: 'L510095', ip: '192.168.1.2', os.name: 'Windows 10', os.arch: 'amd64', os.version: '10.0', java.version: '1.8.0_281'
Driver info: org.openqa.selenium.chrome.ChromeDriver
Capabilities {acceptInsecureCerts: false, browserName: chrome, browserVersion: 98.0.4758.102, chrome: {chromedriverVersion: 98.0.4758.102 (273bf7ac8c90..., userDataDir: C:\Users\shagargi\AppData\L...}, goog:chromeOptions: {debuggerAddress: localhost:58906}, javascriptEnabled: true, networkConnectionEnabled: false, pageLoadStrategy: normal, platform: WINDOWS, platformName: WINDOWS, proxy: Proxy(), setWindowRect: true, strictFileInteractability: false, timeouts: {implicit: 0, pageLoad: 300000, script: 30000}, unhandledPromptBehavior: dismiss and notify, webauthn:extension:credBlob: true, webauthn:extension:largeBlob: true, webauthn:virtualAuthenticators: true}
Session ID: d6cd846893769bbdcfbcd9050932847c
at sun.reflect.NativeConstructorAccessorImpl.newInstance0(Native Method)
at sun.reflect.NativeConstructorAccessorImpl.newInstance(NativeConstructorAccessorImpl.java:62)
at sun.reflect.DelegatingConstructorAccessorImpl.newInstance(DelegatingConstructorAccessorImpl.java:45)
at java.lang.reflect.Constructor.newInstance(Constructor.java:423)
at org.openqa.selenium.remote.http.W3CHttpResponseCodec.createException(W3CHttpResponseCodec.java:187)
at org.openqa.selenium.remote.http.W3CHttpResponseCodec.decode(W3CHttpResponseCodec.java:122)
at org.openqa.selenium.remote.http.W3CHttpResponseCodec.decode(W3CHttpResponseCodec.java:49)
at org.openqa.selenium.remote.HttpCommandExecutor.execute(HttpCommandExecutor.java:158)
at org.openqa.selenium.remote.service.DriverCommandExecutor.execute(DriverCommandExecutor.java:83)
at org.openqa.selenium.remote.RemoteWebDriver.execute(RemoteWebDriver.java:552)
at org.openqa.selenium.remote.RemoteWebElement.execute(RemoteWebElement.java:285)
at org.openqa.selenium.remote.RemoteWebElement.click(RemoteWebElement.java:84)
at com.qa.qs.util.ElementUtil.clickWhenReady(ElementUtil.java:190)
at com.qa.qs.pages.CustomerPage.createCustomerRecord(CustomerPage.java:55)
at com.qa.qs.tests.CustomerPageTest.verifyCreateContactTest(CustomerPageTest.java:66)
at sun.reflect.NativeMethodAccessorImpl.invoke0(Native Method)
at sun.reflect.NativeMethodAccessorImpl.invoke(NativeMethodAccessorImpl.java:62)
at sun.reflect.DelegatingMethodAccessorImpl.invoke(DelegatingMethodAccessorImpl.java:43)
at java.lang.reflect.Method.invoke(Method.java:498)
at org.testng.internal.MethodInvocationHelper.invokeMethod(MethodInvocationHelper.java:124)
at org.testng.internal.Invoker.invokeMethod(Invoker.java:583)
at org.testng.internal.Invoker.invokeTestMethod(Invoker.java:719)
at org.testng.internal.Invoker.invokeTestMethods(Invoker.java:989)
at org.testng.internal.TestMethodWorker.invokeTestMethods(TestMethodWorker.java:125)
at org.testng.internal.TestMethodWorker.run(TestMethodWorker.java:109)
at org.testng.TestRunner.privateRun(TestRunner.java:648)
at org.testng.TestRunner.run(TestRunner.java:505)
at org.testng.SuiteRunner.runTest(SuiteRunner.java:455)
at org.testng.SuiteRunner.runSequentially(SuiteRunner.java:450)
at org.testng.SuiteRunner.privateRun(SuiteRunner.java:415)
at org.testng.SuiteRunner.run(SuiteRunner.java:364)
at org.testng.SuiteRunnerWorker.runSuite(SuiteRunnerWorker.java:52)
at org.testng.SuiteRunnerWorker.run(SuiteRunnerWorker.java:84)
at org.testng.TestNG.runSuitesSequentially(TestNG.java:1208)
at org.testng.TestNG.runSuitesLocally(TestNG.java:1137)
at org.testng.TestNG.runSuites(TestNG.java:1049)
at org.testng.TestNG.run(TestNG.java:1017)
at org.testng.remote.AbstractRemoteTestNG.run(AbstractRemoteTestNG.java:115)
at org.testng.remote.RemoteTestNG.initAndRun(RemoteTestNG.java:251)
at org.testng.remote.RemoteTestNG.main(RemoteTestNG.java:77)
]]>
            </full-stacktrace>
          </exception> <!-- org.openqa.selenium.ElementClickInterceptedException -->
          <reporter-output>
          </reporter-output>
        </test-method> <!-- verifyCreateContactTest -->
        <test-method status="FAIL" signature="verifyCreateContactTest(java.lang.String, java.lang.String, java.lang.String, java.lang.String, java.lang.String, java.lang.String, java.lang.String, java.lang.String, java.lang.String, java.lang.String, java.lang.String, java.lang.String)[pri:2, instance:com.qa.qs.tests.CustomerPageTest@ec756bd]" name="verifyCreateContactTest" duration-ms="1103" started-at="2022-02-25T09:30:17Z" data-provider="getCustomersAddRecordTestData" finished-at="2022-02-25T09:30:18Z">
          <params>
            <param index="0">
              <value>
                <![CDATA[Sharan_CAD-1121]]>
              </value>
            </param>
            <param index="1">
              <value>
                <![CDATA[Sharan Consulting LTD CAD-1121]]>
              </value>
            </param>
            <param index="2">
              <value>
                <![CDATA[Dhruva  CAD-1121]]>
              </value>
            </param>
            <param index="3">
              <value>
                <![CDATA[7338222205]]>
              </value>
            </param>
            <param index="4">
              <value>
                <![CDATA[dhruvaCAD1121@customer.com]]>
              </value>
            </param>
            <param index="5">
              <value>
                <![CDATA[1234567890]]>
              </value>
            </param>
            <param index="6">
              <value>
                <![CDATA[Customer]]>
              </value>
            </param>
            <param index="7">
              <value>
                <![CDATA[6704 Dhruva Automation Labs]]>
              </value>
            </param>
            <param index="8">
              <value>
                <![CDATA[Canada]]>
              </value>
            </param>
            <param index="9">
              <value>
                <![CDATA[Ontario]]>
              </value>
            </param>
            <param index="10">
              <value>
                <![CDATA[OTTAWA]]>
              </value>
            </param>
            <param index="11">
              <value>
                <![CDATA[K2L 1B6]]>
              </value>
            </param>
          </params>
          <exception class="org.openqa.selenium.ElementClickInterceptedException">
            <message>
              <![CDATA[element click intercepted: Element <div _ngcontent-wvl-c460="" class="ep-button-content">...</div> is not clickable at point (1000, 48). Other element would receive the click: <div _ngcontent-wvl-c691="" class="form-group">...</div>
  (Session info: chrome=98.0.4758.102)
Build info: version: '3.141.59', revision: 'e82be7d358', time: '2018-11-14T08:17:03'
System info: host: 'L510095', ip: '192.168.1.2', os.name: 'Windows 10', os.arch: 'amd64', os.version: '10.0', java.version: '1.8.0_281'
Driver info: org.openqa.selenium.chrome.ChromeDriver
Capabilities {acceptInsecureCerts: false, browserName: chrome, browserVersion: 98.0.4758.102, chrome: {chromedriverVersion: 98.0.4758.102 (273bf7ac8c90..., userDataDir: C:\Users\shagargi\AppData\L...}, goog:chromeOptions: {debuggerAddress: localhost:58906}, javascriptEnabled: true, networkConnectionEnabled: false, pageLoadStrategy: normal, platform: WINDOWS, platformName: WINDOWS, proxy: Proxy(), setWindowRect: true, strictFileInteractability: false, timeouts: {implicit: 0, pageLoad: 300000, script: 30000}, unhandledPromptBehavior: dismiss and notify, webauthn:extension:credBlob: true, webauthn:extension:largeBlob: true, webauthn:virtualAuthenticators: true}
Session ID: d6cd846893769bbdcfbcd9050932847c]]>
            </message>
            <full-stacktrace>
              <![CDATA[org.openqa.selenium.ElementClickInterceptedException: element click intercepted: Element <div _ngcontent-wvl-c460="" class="ep-button-content">...</div> is not clickable at point (1000, 48). Other element would receive the click: <div _ngcontent-wvl-c691="" class="form-group">...</div>
  (Session info: chrome=98.0.4758.102)
Build info: version: '3.141.59', revision: 'e82be7d358', time: '2018-11-14T08:17:03'
System info: host: 'L510095', ip: '192.168.1.2', os.name: 'Windows 10', os.arch: 'amd64', os.version: '10.0', java.version: '1.8.0_281'
Driver info: org.openqa.selenium.chrome.ChromeDriver
Capabilities {acceptInsecureCerts: false, browserName: chrome, browserVersion: 98.0.4758.102, chrome: {chromedriverVersion: 98.0.4758.102 (273bf7ac8c90..., userDataDir: C:\Users\shagargi\AppData\L...}, goog:chromeOptions: {debuggerAddress: localhost:58906}, javascriptEnabled: true, networkConnectionEnabled: false, pageLoadStrategy: normal, platform: WINDOWS, platformName: WINDOWS, proxy: Proxy(), setWindowRect: true, strictFileInteractability: false, timeouts: {implicit: 0, pageLoad: 300000, script: 30000}, unhandledPromptBehavior: dismiss and notify, webauthn:extension:credBlob: true, webauthn:extension:largeBlob: true, webauthn:virtualAuthenticators: true}
Session ID: d6cd846893769bbdcfbcd9050932847c
at sun.reflect.NativeConstructorAccessorImpl.newInstance0(Native Method)
at sun.reflect.NativeConstructorAccessorImpl.newInstance(NativeConstructorAccessorImpl.java:62)
at sun.reflect.DelegatingConstructorAccessorImpl.newInstance(DelegatingConstructorAccessorImpl.java:45)
at java.lang.reflect.Constructor.newInstance(Constructor.java:423)
at org.openqa.selenium.remote.http.W3CHttpResponseCodec.createException(W3CHttpResponseCodec.java:187)
at org.openqa.selenium.remote.http.W3CHttpResponseCodec.decode(W3CHttpResponseCodec.java:122)
at org.openqa.selenium.remote.http.W3CHttpResponseCodec.decode(W3CHttpResponseCodec.java:49)
at org.openqa.selenium.remote.HttpCommandExecutor.execute(HttpCommandExecutor.java:158)
at org.openqa.selenium.remote.service.DriverCommandExecutor.execute(DriverCommandExecutor.java:83)
at org.openqa.selenium.remote.RemoteWebDriver.execute(RemoteWebDriver.java:552)
at org.openqa.selenium.remote.RemoteWebElement.execute(RemoteWebElement.java:285)
at org.openqa.selenium.remote.RemoteWebElement.click(RemoteWebElement.java:84)
at com.qa.qs.util.ElementUtil.clickWhenReady(ElementUtil.java:190)
at com.qa.qs.pages.CustomerPage.createCustomerRecord(CustomerPage.java:55)
at com.qa.qs.tests.CustomerPageTest.verifyCreateContactTest(CustomerPageTest.java:66)
at sun.reflect.NativeMethodAccessorImpl.invoke0(Native Method)
at sun.reflect.NativeMethodAccessorImpl.invoke(NativeMethodAccessorImpl.java:62)
at sun.reflect.DelegatingMethodAccessorImpl.invoke(DelegatingMethodAccessorImpl.java:43)
at java.lang.reflect.Method.invoke(Method.java:498)
at org.testng.internal.MethodInvocationHelper.invokeMethod(MethodInvocationHelper.java:124)
at org.testng.internal.Invoker.invokeMethod(Invoker.java:583)
at org.testng.internal.Invoker.invokeTestMethod(Invoker.java:719)
at org.testng.internal.Invoker.invokeTestMethods(Invoker.java:989)
at org.testng.internal.TestMethodWorker.invokeTestMethods(TestMethodWorker.java:125)
at org.testng.internal.TestMethodWorker.run(TestMethodWorker.java:109)
at org.testng.TestRunner.privateRun(TestRunner.java:648)
at org.testng.TestRunner.run(TestRunner.java:505)
at org.testng.SuiteRunner.runTest(SuiteRunner.java:455)
at org.testng.SuiteRunner.runSequentially(SuiteRunner.java:450)
at org.testng.SuiteRunner.privateRun(SuiteRunner.java:415)
at org.testng.SuiteRunner.run(SuiteRunner.java:364)
at org.testng.SuiteRunnerWorker.runSuite(SuiteRunnerWorker.java:52)
at org.testng.SuiteRunnerWorker.run(SuiteRunnerWorker.java:84)
at org.testng.TestNG.runSuitesSequentially(TestNG.java:1208)
at org.testng.TestNG.runSuitesLocally(TestNG.java:1137)
at org.testng.TestNG.runSuites(TestNG.java:1049)
at org.testng.TestNG.run(TestNG.java:1017)
at org.testng.remote.AbstractRemoteTestNG.run(AbstractRemoteTestNG.java:115)
at org.testng.remote.RemoteTestNG.initAndRun(RemoteTestNG.java:251)
at org.testng.remote.RemoteTestNG.main(RemoteTestNG.java:77)
]]>
            </full-stacktrace>
          </exception> <!-- org.openqa.selenium.ElementClickInterceptedException -->
          <reporter-output>
          </reporter-output>
        </test-method> <!-- verifyCreateContactTest -->
        <test-method status="PASS" signature="tearDown()[pri:0, instance:com.qa.qs.tests.CustomerPageTest@ec756bd]" name="tearDown" is-config="true" duration-ms="881" started-at="2022-02-25T09:30:18Z" finished-at="2022-02-25T09:30:19Z">
          <reporter-output>
          </reporter-output>
        </test-method> <!-- tearDown -->
      </class> <!-- com.qa.qs.tests.CustomerPageTest -->
    </test> <!-- Default test -->
  </suite> <!-- Default suite -->
</testng-results>
